0 info it worked if it ends with ok
1 verbose cli [ 'C:\\Program Files\\nodejs\\node.exe',
1 verbose cli   'C:\\Program Files\\nodejs\\node_modules\\npm\\bin\\npm-cli.js',
1 verbose cli   'publish' ]
2 info using npm@2.14.20
3 info using node@v4.4.1
4 verbose publish [ '.' ]
5 silly cache add args [ '.', null ]
6 verbose cache add spec .
7 silly cache add parsed spec Result {
7 silly cache add   raw: '.',
7 silly cache add   scope: null,
7 silly cache add   name: null,
7 silly cache add   rawSpec: '.',
7 silly cache add   spec: 'D:\\Data\\Repositories\\toris-format',
7 silly cache add   type: 'directory' }
8 verbose addLocalDirectory C:\Users\jcoppieters\AppData\Roaming\npm-cache\toris-format\1.4.0\package.tgz not in flight; packing
9 verbose correctMkdir C:\Users\jcoppieters\AppData\Roaming\npm-cache correctMkdir not in flight; initializing
10 verbose tar pack [ 'C:\\Users\\jcoppieters\\AppData\\Roaming\\npm-cache\\toris-format\\1.4.0\\package.tgz',
10 verbose tar pack   'D:\\Data\\Repositories\\toris-format' ]
11 verbose tarball C:\Users\jcoppieters\AppData\Roaming\npm-cache\toris-format\1.4.0\package.tgz
12 verbose folder D:\Data\Repositories\toris-format
13 info prepublish toris-format@1.4.0
14 verbose addLocalTarball adding from inside cache C:\Users\jcoppieters\AppData\Roaming\npm-cache\toris-format\1.4.0\package.tgz
15 verbose correctMkdir C:\Users\jcoppieters\AppData\Roaming\npm-cache correctMkdir not in flight; initializing
16 silly cache afterAdd toris-format@1.4.0
17 verbose afterAdd C:\Users\jcoppieters\AppData\Roaming\npm-cache\toris-format\1.4.0\package\package.json not in flight; writing
18 verbose correctMkdir C:\Users\jcoppieters\AppData\Roaming\npm-cache correctMkdir not in flight; initializing
19 verbose afterAdd C:\Users\jcoppieters\AppData\Roaming\npm-cache\toris-format\1.4.0\package\package.json written
20 silly publish { name: 'toris-format',
20 silly publish   version: '1.4.0',
20 silly publish   description: 'Formatting tool for HTML',
20 silly publish   main: 'index.js',
20 silly publish   repository:
20 silly publish    { type: 'git',
20 silly publish      url: 'git+https://github.com/JorisCoppieters/toris-format.git' },
20 silly publish   author: { name: 'Joris Coppieters' },
20 silly publish   license: 'ISC',
20 silly publish   bugs: { url: 'https://github.com/JorisCoppieters/toris-format/issues' },
20 silly publish   homepage: 'https://github.com/JorisCoppieters/toris-format#readme',
20 silly publish   devDependencies: { bluebird: '^3.4.7' },
20 silly publish   readme: '# Toris-Format\n\nToris-Format is a tool for formatting HTML to the Angular 1 and Angular 2 standard\n\n### Installation\n\nToris-Format requires [Node.js](https://nodejs.org/) v4+ to run.\n\nThen:\n\n```sh\n$ npm install --save-dev toris-format\n```\n',
20 silly publish   readmeFilename: 'README.md',
20 silly publish   gitHead: 'c604074d5d3f325bf3f7589b4ff9e84c638f4955',
20 silly publish   _id: 'toris-format@1.4.0',
20 silly publish   scripts: {},
20 silly publish   _shasum: '7c45abc57ffa5fe52e96520d8cdf0061219bed1e',
20 silly publish   _from: '.' }
21 verbose getPublishConfig undefined
22 silly mapToRegistry name toris-format
23 silly mapToRegistry using default registry
24 silly mapToRegistry registry https://registry.npmjs.org/
25 silly mapToRegistry uri https://registry.npmjs.org/toris-format
26 verbose publish registryBase https://registry.npmjs.org/
27 silly publish uploading C:\Users\jcoppieters\AppData\Roaming\npm-cache\toris-format\1.4.0\package.tgz
28 verbose request uri https://registry.npmjs.org/toris-format
29 verbose request sending authorization for write operation
30 info attempt registry request try #1 at 5:03:59 PM
31 verbose request using bearer token for auth
32 verbose request id b561f2409c107601
33 http request PUT https://registry.npmjs.org/toris-format
34 http 403 https://registry.npmjs.org/toris-format
35 verbose headers { 'content-type': 'application/json',
35 verbose headers   'cache-control': 'max-age=300',
35 verbose headers   'content-length': '95',
35 verbose headers   'accept-ranges': 'bytes',
35 verbose headers   date: 'Wed, 01 Feb 2017 04:04:00 GMT',
35 verbose headers   via: '1.1 varnish',
35 verbose headers   connection: 'keep-alive',
35 verbose headers   'x-served-by': 'cache-wlg7321-WLG',
35 verbose headers   'x-cache': 'MISS',
35 verbose headers   'x-cache-hits': '0',
35 verbose headers   'x-timer': 'S1485921840.024916,VS0,VE774',
35 verbose headers   vary: 'Accept-Encoding' }
36 verbose request invalidating C:\Users\jcoppieters\AppData\Roaming\npm-cache\registry.npmjs.org\toris-format on PUT
37 error publish Failed PUT 403
38 verbose stack Error: "You cannot publish over the previously published version 1.4.0." : toris-format
38 verbose stack     at makeError (C:\Program Files\nodejs\node_modules\npm\node_modules\npm-registry-client\lib\request.js:264:12)
38 verbose stack     at CachingRegistryClient.<anonymous> (C:\Program Files\nodejs\node_modules\npm\node_modules\npm-registry-client\lib\request.js:252:14)
38 verbose stack     at Request._callback (C:\Program Files\nodejs\node_modules\npm\node_modules\npm-registry-client\lib\request.js:172:14)
38 verbose stack     at Request.self.callback (C:\Program Files\nodejs\node_modules\npm\node_modules\request\request.js:199:22)
38 verbose stack     at emitTwo (events.js:87:13)
38 verbose stack     at Request.emit (events.js:172:7)
38 verbose stack     at Request.<anonymous> (C:\Program Files\nodejs\node_modules\npm\node_modules\request\request.js:1036:10)
38 verbose stack     at emitOne (events.js:82:20)
38 verbose stack     at Request.emit (events.js:169:7)
38 verbose stack     at IncomingMessage.<anonymous> (C:\Program Files\nodejs\node_modules\npm\node_modules\request\request.js:963:12)
39 verbose statusCode 403
40 verbose pkgid toris-format
41 verbose cwd D:\Data\Repositories\toris-format
42 error Windows_NT 10.0.10586
43 error argv "C:\\Program Files\\nodejs\\node.exe" "C:\\Program Files\\nodejs\\node_modules\\npm\\bin\\npm-cli.js" "publish"
44 error node v4.4.1
45 error npm  v2.14.20
46 error code E403
47 error "You cannot publish over the previously published version 1.4.0." : toris-format
48 error If you need help, you may report this error at:
48 error     <https://github.com/npm/npm/issues>
49 verbose exit [ 1, true ]
